000 (3974159.000.000) 2026-02-10 13:32:46 Job submitted from host: <145.107.7.246:9618?addrs=145.107.7.246-9618+[2a07-8500-120-e070--3f6]-9618&alias=taai-007.nikhef.nl&noUDP&sock=schedd_2307_fd14>
...
001 (3974159.000.000) 2026-02-10 13:32:54 Job executing on host: <145.107.4.124:9618?addrs=145.107.4.124-9618+[2a07-8500-120-e070--7c]-9618&alias=wn-sate-078.nikhef.nl&noUDP&sock=startd_1888_96e5>
	SlotName: slot1_14@wn-sate-078.nikhef.nl
	CondorScratchDir = "/scratch/condor_execute/dir_4024602"
	Cpus = 1
	Disk = 10488344
	GPUs = 0
	Memory = 4096
...
006 (3974159.000.000) 2026-02-10 13:32:56 Image size of job updated: 72
	0  -  MemoryUsage of job (MB)
	0  -  ResidentSetSize of job (KB)
...
005 (3974159.000.000) 2026-02-10 13:32:56 Job terminated.
	(1) Normal termination (return value 1)
		Usr 0 00:00:00, Sys 0 00:00:00  -  Run Remote Usage
		Usr 0 00:00:00, Sys 0 00:00:00  -  Run Local Usage
		Usr 0 00:00:00, Sys 0 00:00:00  -  Total Remote Usage
		Usr 0 00:00:00, Sys 0 00:00:00  -  Total Local Usage
	0  -  Run Bytes Sent By Job
	0  -  Run Bytes Received By Job
	0  -  Total Bytes Sent By Job
	0  -  Total Bytes Received By Job
	Partitionable Resources :    Usage  Request Allocated 
	   Cpus                 :        0        1         1 
	   Disk (KB)            :        7 10485760  10488344 
	   GPUs                 :                           0 
	   Memory (MB)          :        0     4096      4096 
	   TimeExecute (s)      :        2                    
	   TimeSlotBusy (s)     :        2                    
...
